Query: 
meteo duneau

Interval: 	30
Time when the script started: 	2015-03-28 13:10:14
Time when the script ended: 	2015-03-28 13:10:44
------------------------------------------------
Query: 
barbabietole da zucchero

Interval: 	19
Time when the script started: 	2015-03-28 13:20:14
Time when the script ended: 	2015-03-28 13:20:33
------------------------------------------------
Query: 
oliveto lucano wikipedia

Interval: 	35
Time when the script started: 	2015-03-28 13:25:14
Time when the script ended: 	2015-03-28 13:25:49
------------------------------------------------
Query: 
giorgio li calzi wiki

Interval: 	16
Time when the script started: 	2015-03-28 13:30:13
Time when the script ended: 	2015-03-28 13:30:29
------------------------------------------------
Query: 
luisa tamanini emanuele sella

Interval: 	15
Time when the script started: 	2015-03-28 13:35:13
Time when the script ended: 	2015-03-28 13:35:28
------------------------------------------------
